The system is: Darwin - 22.6.0 - arm64
Compiling the C compiler identification source file "CMakeCCompilerId.c" succeeded.
Compiler: /Applications/Xcode_15.0.0.app/Contents/Developer/Toolchains/XcodeDefault.xctoolchain/usr/bin/cc 
Build flags: 
Id flags: -c 

The output was:
0


Compilation of the C compiler identification source "CMakeCCompilerId.c" produced "CMakeCCompilerId.o"

The C compiler identification is AppleClang, found in "/Users/jare8800/applications/qt/sdk/samples/ArcGISRuntimeSDKQt_SampleViewers/ArcGISRuntimeSDKQt_CppSamples/minizip-ng/build/CMakeFiles/3.24.3/CompilerIdC/CMakeCCompilerId.o"

Detecting C compiler ABI info compiled with the following output:
Change Dir: /Users/jare8800/applications/qt/sdk/samples/ArcGISRuntimeSDKQt_SampleViewers/ArcGISRuntimeSDKQt_CppSamples/minizip-ng/build/CMakeFiles/CMakeTmp

Run Build Command(s):/usr/bin/make -f Makefile cmTC_e3e6e/fast && /Applications/Xcode_15.0.0.app/Contents/Developer/usr/bin/make  -f CMakeFiles/cmTC_e3e6e.dir/build.make CMakeFiles/cmTC_e3e6e.dir/build
Building C object CMakeFiles/cmTC_e3e6e.dir/CMakeCCompilerABI.c.o
/Applications/Xcode_15.0.0.app/Contents/Developer/Toolchains/XcodeDefault.xctoolchain/usr/bin/cc   -arch arm64 -isysroot /Applications/Xcode_15.0.0.app/Contents/Developer/Platforms/MacOSX.platform/Developer/SDKs/MacOSX14.0.sdk -mmacosx-version-min=13.6   -v -Wl,-v -MD -MT CMakeFiles/cmTC_e3e6e.dir/CMakeCCompilerABI.c.o -MF CMakeFiles/cmTC_e3e6e.dir/CMakeCCompilerABI.c.o.d -o CMakeFiles/cmTC_e3e6e.dir/CMakeCCompilerABI.c.o -c /opt/homebrew/Cellar/cmake/3.24.3/share/cmake/Modules/CMakeCCompilerABI.c
Apple clang version 15.0.0 (clang-1500.0.40.1)
Target: arm64-apple-darwin22.6.0
Thread model: posix
InstalledDir: /Applications/Xcode_15.0.0.app/Contents/Developer/Toolchains/XcodeDefault.xctoolchain/usr/bin
clang: warning: -Wl,-v: 'linker' input unused [-Wunused-command-line-argument]
 "/Applications/Xcode_15.0.0.app/Contents/Developer/Toolchains/XcodeDefault.xctoolchain/usr/bin/clang" -cc1 -triple arm64-apple-macosx13.6.0 -Wundef-prefix=TARGET_OS_ -Wdeprecated-objc-isa-usage -Werror=deprecated-objc-isa-usage -Werror=implicit-function-declaration -emit-obj -mrelax-all --mrelax-relocations -disable-free -clear-ast-before-backend -disable-llvm-verifier -discard-value-names -main-file-name CMakeCCompilerABI.c -mrelocation-model pic -pic-level 2 -mframe-pointer=non-leaf -fno-strict-return -ffp-contract=on -fno-rounding-math -funwind-tables=1 -fobjc-msgsend-selector-stubs -target-sdk-version=14.0 -fvisibility-inlines-hidden-static-local-var -target-cpu apple-m1 -target-feature +v8.5a -target-feature +crc -target-feature +lse -target-feature +rdm -target-feature +crypto -target-feature +dotprod -target-feature +fp-armv8 -target-feature +neon -target-feature +fp16fml -target-feature +ras -target-feature +rcpc -target-feature +zcm -target-feature +zcz -target-feature +fullfp16 -target-feature +sm4 -target-feature +sha3 -target-feature +sha2 -target-feature +aes -target-abi darwinpcs -mllvm -treat-scalable-fixed-error-as-warning -debugger-tuning=lldb -target-linker-version 1015.6 -v -fcoverage-compilation-dir=/Users/jare8800/applications/qt/sdk/samples/ArcGISRuntimeSDKQt_SampleViewers/ArcGISRuntimeSDKQt_CppSamples/minizip-ng/build/CMakeFiles/CMakeTmp -resource-dir /Applications/Xcode_15.0.0.app/Contents/Developer/Toolchains/XcodeDefault.xctoolchain/usr/lib/clang/15.0.0 -dependency-file CMakeFiles/cmTC_e3e6e.dir/CMakeCCompilerABI.c.o.d -skip-unused-modulemap-deps -MT CMakeFiles/cmTC_e3e6e.dir/CMakeCCompilerABI.c.o -sys-header-deps -isysroot /Applications/Xcode_15.0.0.app/Contents/Developer/Platforms/MacOSX.platform/Developer/SDKs/MacOSX14.0.sdk -internal-isystem /Applications/Xcode_15.0.0.app/Contents/Developer/Platforms/MacOSX.platform/Developer/SDKs/MacOSX14.0.sdk/usr/local/include -internal-isystem /Applications/Xcode_15.0.0.app/Contents/Developer/Toolchains/XcodeDefault.xctoolchain/usr/lib/clang/15.0.0/include -internal-externc-isystem /Applications/Xcode_15.0.0.app/Contents/Developer/Platforms/MacOSX.platform/Developer/SDKs/MacOSX14.0.sdk/usr/include -internal-externc-isystem /Applications/Xcode_15.0.0.app/Contents/Developer/Toolchains/XcodeDefault.xctoolchain/usr/include -Wno-reorder-init-list -Wno-implicit-int-float-conversion -Wno-c99-designator -Wno-final-dtor-non-final-class -Wno-extra-semi-stmt -Wno-misleading-indentation -Wno-quoted-include-in-framework-header -Wno-implicit-fallthrough -Wno-enum-enum-conversion -Wno-enum-float-conversion -Wno-elaborated-enum-base -Wno-reserved-identifier -Wno-gnu-folding-constant -fdebug-compilation-dir=/Users/jare8800/applications/qt/sdk/samples/ArcGISRuntimeSDKQt_SampleViewers/ArcGISRuntimeSDKQt_CppSamples/minizip-ng/build/CMakeFiles/CMakeTmp -ferror-limit 19 -stack-protector 1 -fstack-check -mdarwin-stkchk-strong-link -fblocks -fencode-extended-block-signature -fregister-global-dtors-with-atexit -fgnuc-version=4.2.1 -fmax-type-align=16 -fcommon -clang-vendor-feature=+disableNonDependentMemberExprInCurrentInstantiation -fno-odr-hash-protocols -clang-vendor-feature=+enableAggressiveVLAFolding -clang-vendor-feature=+revert09abecef7bbf -clang-vendor-feature=+thisNoAlignAttr -clang-vendor-feature=+thisNoNullAttr -mllvm -disable-aligned-alloc-awareness=1 -D__GCC_HAVE_DWARF2_CFI_ASM=1 -o CMakeFiles/cmTC_e3e6e.dir/CMakeCCompilerABI.c.o -x c /opt/homebrew/Cellar/cmake/3.24.3/share/cmake/Modules/CMakeCCompilerABI.c
clang -cc1 version 15.0.0 (clang-1500.0.40.1) default target arm64-apple-darwin22.6.0
ignoring nonexistent directory "/Applications/Xcode_15.0.0.app/Contents/Developer/Platforms/MacOSX.platform/Developer/SDKs/MacOSX14.0.sdk/usr/local/include"
ignoring nonexistent directory "/Applications/Xcode_15.0.0.app/Contents/Developer/Platforms/MacOSX.platform/Developer/SDKs/MacOSX14.0.sdk/Library/Frameworks"
#include "..." search starts here:
#include <...> search starts here:
 /Applications/Xcode_15.0.0.app/Contents/Developer/Toolchains/XcodeDefault.xctoolchain/usr/lib/clang/15.0.0/include
 /Applications/Xcode_15.0.0.app/Contents/Developer/Platforms/MacOSX.platform/Developer/SDKs/MacOSX14.0.sdk/usr/include
 /Applications/Xcode_15.0.0.app/Contents/Developer/Toolchains/XcodeDefault.xctoolchain/usr/include
 /Applications/Xcode_15.0.0.app/Contents/Developer/Platforms/MacOSX.platform/Developer/SDKs/MacOSX14.0.sdk/System/Library/Frameworks (framework directory)
End of search list.
Linking C executable cmTC_e3e6e
/opt/homebrew/Cellar/cmake/3.24.3/bin/cmake -E cmake_link_script CMakeFiles/cmTC_e3e6e.dir/link.txt --verbose=1
/Applications/Xcode_15.0.0.app/Contents/Developer/Toolchains/XcodeDefault.xctoolchain/usr/bin/cc  -arch arm64 -isysroot /Applications/Xcode_15.0.0.app/Contents/Developer/Platforms/MacOSX.platform/Developer/SDKs/MacOSX14.0.sdk -mmacosx-version-min=13.6 -Wl,-search_paths_first -Wl,-headerpad_max_install_names  -v -Wl,-v CMakeFiles/cmTC_e3e6e.dir/CMakeCCompilerABI.c.o -o cmTC_e3e6e 
Apple clang version 15.0.0 (clang-1500.0.40.1)
Target: arm64-apple-darwin22.6.0
Thread model: posix
InstalledDir: /Applications/Xcode_15.0.0.app/Contents/Developer/Toolchains/XcodeDefault.xctoolchain/usr/bin
 "/Applications/Xcode_15.0.0.app/Contents/Developer/Toolchains/XcodeDefault.xctoolchain/usr/bin/ld" -demangle -lto_library /Applications/Xcode_15.0.0.app/Contents/Developer/Toolchains/XcodeDefault.xctoolchain/usr/lib/libLTO.dylib -dynamic -arch arm64 -platform_version macos 13.6.0 14.0 -syslibroot /Applications/Xcode_15.0.0.app/Contents/Developer/Platforms/MacOSX.platform/Developer/SDKs/MacOSX14.0.sdk -o cmTC_e3e6e -search_paths_first -headerpad_max_install_names -v CMakeFiles/cmTC_e3e6e.dir/CMakeCCompilerABI.c.o -lSystem /Applications/Xcode_15.0.0.app/Contents/Developer/Toolchains/XcodeDefault.xctoolchain/usr/lib/clang/15.0.0/lib/darwin/libclang_rt.osx.a
@(#)PROGRAM:ld  PROJECT:dyld-1015.7
BUILD 18:48:48 Aug 22 2023
configured to support archs: armv6 armv7 armv7s arm64 arm64e arm64_32 i386 x86_64 x86_64h armv6m armv7k armv7m armv7em
will use ld-classic for: armv6 armv7 armv7s arm64_32 i386 armv6m armv7k armv7m armv7em
LTO support using: LLVM version 15.0.0 (static support for 29, runtime is 29)
TAPI support using: Apple TAPI version 15.0.0 (tapi-1500.0.12.3)
Library search paths:
Framework search paths:



Parsed C implicit include dir info from above output: rv=done
  found start of include info
  found start of implicit include info
    add: [/Applications/Xcode_15.0.0.app/Contents/Developer/Toolchains/XcodeDefault.xctoolchain/usr/lib/clang/15.0.0/include]
    add: [/Applications/Xcode_15.0.0.app/Contents/Developer/Platforms/MacOSX.platform/Developer/SDKs/MacOSX14.0.sdk/usr/include]
    add: [/Applications/Xcode_15.0.0.app/Contents/Developer/Toolchains/XcodeDefault.xctoolchain/usr/include]
  end of search list found
  collapse include dir [/Applications/Xcode_15.0.0.app/Contents/Developer/Toolchains/XcodeDefault.xctoolchain/usr/lib/clang/15.0.0/include] ==> [/Applications/Xcode_15.0.0.app/Contents/Developer/Toolchains/XcodeDefault.xctoolchain/usr/lib/clang/15.0.0/include]
  collapse include dir [/Applications/Xcode_15.0.0.app/Contents/Developer/Platforms/MacOSX.platform/Developer/SDKs/MacOSX14.0.sdk/usr/include] ==> [/Applications/Xcode_15.0.0.app/Contents/Developer/Platforms/MacOSX.platform/Developer/SDKs/MacOSX14.0.sdk/usr/include]
  collapse include dir [/Applications/Xcode_15.0.0.app/Contents/Developer/Toolchains/XcodeDefault.xctoolchain/usr/include] ==> [/Applications/Xcode_15.0.0.app/Contents/Developer/Toolchains/XcodeDefault.xctoolchain/usr/include]
  implicit include dirs: [/Applications/Xcode_15.0.0.app/Contents/Developer/Toolchains/XcodeDefault.xctoolchain/usr/lib/clang/15.0.0/include;/Applications/Xcode_15.0.0.app/Contents/Developer/Platforms/MacOSX.platform/Developer/SDKs/MacOSX14.0.sdk/usr/include;/Applications/Xcode_15.0.0.app/Contents/Developer/Toolchains/XcodeDefault.xctoolchain/usr/include]


Parsed C implicit link information from above output:
  link line regex: [^( *|.*[/\])(ld|CMAKE_LINK_STARTFILE-NOTFOUND|([^/\]+-)?ld|collect2)[^/\]*( |$)]
  ignore line: [Change Dir: /Users/jare8800/applications/qt/sdk/samples/ArcGISRuntimeSDKQt_SampleViewers/ArcGISRuntimeSDKQt_CppSamples/minizip-ng/build/CMakeFiles/CMakeTmp]
  ignore line: []
  ignore line: [Run Build Command(s):/usr/bin/make -f Makefile cmTC_e3e6e/fast && /Applications/Xcode_15.0.0.app/Contents/Developer/usr/bin/make  -f CMakeFiles/cmTC_e3e6e.dir/build.make CMakeFiles/cmTC_e3e6e.dir/build]
  ignore line: [Building C object CMakeFiles/cmTC_e3e6e.dir/CMakeCCompilerABI.c.o]
  ignore line: [/Applications/Xcode_15.0.0.app/Contents/Developer/Toolchains/XcodeDefault.xctoolchain/usr/bin/cc   -arch arm64 -isysroot /Applications/Xcode_15.0.0.app/Contents/Developer/Platforms/MacOSX.platform/Developer/SDKs/MacOSX14.0.sdk -mmacosx-version-min=13.6   -v -Wl -v -MD -MT CMakeFiles/cmTC_e3e6e.dir/CMakeCCompilerABI.c.o -MF CMakeFiles/cmTC_e3e6e.dir/CMakeCCompilerABI.c.o.d -o CMakeFiles/cmTC_e3e6e.dir/CMakeCCompilerABI.c.o -c /opt/homebrew/Cellar/cmake/3.24.3/share/cmake/Modules/CMakeCCompilerABI.c]
  ignore line: [Apple clang version 15.0.0 (clang-1500.0.40.1)]
  ignore line: [Target: arm64-apple-darwin22.6.0]
  ignore line: [Thread model: posix]
  ignore line: [InstalledDir: /Applications/Xcode_15.0.0.app/Contents/Developer/Toolchains/XcodeDefault.xctoolchain/usr/bin]
  ignore line: [clang: warning: -Wl -v: 'linker' input unused [-Wunused-command-line-argument]]
  ignore line: [ "/Applications/Xcode_15.0.0.app/Contents/Developer/Toolchains/XcodeDefault.xctoolchain/usr/bin/clang" -cc1 -triple arm64-apple-macosx13.6.0 -Wundef-prefix=TARGET_OS_ -Wdeprecated-objc-isa-usage -Werror=deprecated-objc-isa-usage -Werror=implicit-function-declaration -emit-obj -mrelax-all --mrelax-relocations -disable-free -clear-ast-before-backend -disable-llvm-verifier -discard-value-names -main-file-name CMakeCCompilerABI.c -mrelocation-model pic -pic-level 2 -mframe-pointer=non-leaf -fno-strict-return -ffp-contract=on -fno-rounding-math -funwind-tables=1 -fobjc-msgsend-selector-stubs -target-sdk-version=14.0 -fvisibility-inlines-hidden-static-local-var -target-cpu apple-m1 -target-feature +v8.5a -target-feature +crc -target-feature +lse -target-feature +rdm -target-feature +crypto -target-feature +dotprod -target-feature +fp-armv8 -target-feature +neon -target-feature +fp16fml -target-feature +ras -target-feature +rcpc -target-feature +zcm -target-feature +zcz -target-feature +fullfp16 -target-feature +sm4 -target-feature +sha3 -target-feature +sha2 -target-feature +aes -target-abi darwinpcs -mllvm -treat-scalable-fixed-error-as-warning -debugger-tuning=lldb -target-linker-version 1015.6 -v -fcoverage-compilation-dir=/Users/jare8800/applications/qt/sdk/samples/ArcGISRuntimeSDKQt_SampleViewers/ArcGISRuntimeSDKQt_CppSamples/minizip-ng/build/CMakeFiles/CMakeTmp -resource-dir /Applications/Xcode_15.0.0.app/Contents/Developer/Toolchains/XcodeDefault.xctoolchain/usr/lib/clang/15.0.0 -dependency-file CMakeFiles/cmTC_e3e6e.dir/CMakeCCompilerABI.c.o.d -skip-unused-modulemap-deps -MT CMakeFiles/cmTC_e3e6e.dir/CMakeCCompilerABI.c.o -sys-header-deps -isysroot /Applications/Xcode_15.0.0.app/Contents/Developer/Platforms/MacOSX.platform/Developer/SDKs/MacOSX14.0.sdk -internal-isystem /Applications/Xcode_15.0.0.app/Contents/Developer/Platforms/MacOSX.platform/Developer/SDKs/MacOSX14.0.sdk/usr/local/include -internal-isystem /Applications/Xcode_15.0.0.app/Contents/Developer/Toolchains/XcodeDefault.xctoolchain/usr/lib/clang/15.0.0/include -internal-externc-isystem /Applications/Xcode_15.0.0.app/Contents/Developer/Platforms/MacOSX.platform/Developer/SDKs/MacOSX14.0.sdk/usr/include -internal-externc-isystem /Applications/Xcode_15.0.0.app/Contents/Developer/Toolchains/XcodeDefault.xctoolchain/usr/include -Wno-reorder-init-list -Wno-implicit-int-float-conversion -Wno-c99-designator -Wno-final-dtor-non-final-class -Wno-extra-semi-stmt -Wno-misleading-indentation -Wno-quoted-include-in-framework-header -Wno-implicit-fallthrough -Wno-enum-enum-conversion -Wno-enum-float-conversion -Wno-elaborated-enum-base -Wno-reserved-identifier -Wno-gnu-folding-constant -fdebug-compilation-dir=/Users/jare8800/applications/qt/sdk/samples/ArcGISRuntimeSDKQt_SampleViewers/ArcGISRuntimeSDKQt_CppSamples/minizip-ng/build/CMakeFiles/CMakeTmp -ferror-limit 19 -stack-protector 1 -fstack-check -mdarwin-stkchk-strong-link -fblocks -fencode-extended-block-signature -fregister-global-dtors-with-atexit -fgnuc-version=4.2.1 -fmax-type-align=16 -fcommon -clang-vendor-feature=+disableNonDependentMemberExprInCurrentInstantiation -fno-odr-hash-protocols -clang-vendor-feature=+enableAggressiveVLAFolding -clang-vendor-feature=+revert09abecef7bbf -clang-vendor-feature=+thisNoAlignAttr -clang-vendor-feature=+thisNoNullAttr -mllvm -disable-aligned-alloc-awareness=1 -D__GCC_HAVE_DWARF2_CFI_ASM=1 -o CMakeFiles/cmTC_e3e6e.dir/CMakeCCompilerABI.c.o -x c /opt/homebrew/Cellar/cmake/3.24.3/share/cmake/Modules/CMakeCCompilerABI.c]
  ignore line: [clang -cc1 version 15.0.0 (clang-1500.0.40.1) default target arm64-apple-darwin22.6.0]
  ignore line: [ignoring nonexistent directory "/Applications/Xcode_15.0.0.app/Contents/Developer/Platforms/MacOSX.platform/Developer/SDKs/MacOSX14.0.sdk/usr/local/include"]
  ignore line: [ignoring nonexistent directory "/Applications/Xcode_15.0.0.app/Contents/Developer/Platforms/MacOSX.platform/Developer/SDKs/MacOSX14.0.sdk/Library/Frameworks"]
  ignore line: [#include "..." search starts here:]
  ignore line: [#include <...> search starts here:]
  ignore line: [ /Applications/Xcode_15.0.0.app/Contents/Developer/Toolchains/XcodeDefault.xctoolchain/usr/lib/clang/15.0.0/include]
  ignore line: [ /Applications/Xcode_15.0.0.app/Contents/Developer/Platforms/MacOSX.platform/Developer/SDKs/MacOSX14.0.sdk/usr/include]
  ignore line: [ /Applications/Xcode_15.0.0.app/Contents/Developer/Toolchains/XcodeDefault.xctoolchain/usr/include]
  ignore line: [ /Applications/Xcode_15.0.0.app/Contents/Developer/Platforms/MacOSX.platform/Developer/SDKs/MacOSX14.0.sdk/System/Library/Frameworks (framework directory)]
  ignore line: [End of search list.]
  ignore line: [Linking C executable cmTC_e3e6e]
  ignore line: [/opt/homebrew/Cellar/cmake/3.24.3/bin/cmake -E cmake_link_script CMakeFiles/cmTC_e3e6e.dir/link.txt --verbose=1]
  ignore line: [/Applications/Xcode_15.0.0.app/Contents/Developer/Toolchains/XcodeDefault.xctoolchain/usr/bin/cc  -arch arm64 -isysroot /Applications/Xcode_15.0.0.app/Contents/Developer/Platforms/MacOSX.platform/Developer/SDKs/MacOSX14.0.sdk -mmacosx-version-min=13.6 -Wl -search_paths_first -Wl -headerpad_max_install_names  -v -Wl -v CMakeFiles/cmTC_e3e6e.dir/CMakeCCompilerABI.c.o -o cmTC_e3e6e ]
  ignore line: [Apple clang version 15.0.0 (clang-1500.0.40.1)]
  ignore line: [Target: arm64-apple-darwin22.6.0]
  ignore line: [Thread model: posix]
  ignore line: [InstalledDir: /Applications/Xcode_15.0.0.app/Contents/Developer/Toolchains/XcodeDefault.xctoolchain/usr/bin]
  link line: [ "/Applications/Xcode_15.0.0.app/Contents/Developer/Toolchains/XcodeDefault.xctoolchain/usr/bin/ld" -demangle -lto_library /Applications/Xcode_15.0.0.app/Contents/Developer/Toolchains/XcodeDefault.xctoolchain/usr/lib/libLTO.dylib -dynamic -arch arm64 -platform_version macos 13.6.0 14.0 -syslibroot /Applications/Xcode_15.0.0.app/Contents/Developer/Platforms/MacOSX.platform/Developer/SDKs/MacOSX14.0.sdk -o cmTC_e3e6e -search_paths_first -headerpad_max_install_names -v CMakeFiles/cmTC_e3e6e.dir/CMakeCCompilerABI.c.o -lSystem /Applications/Xcode_15.0.0.app/Contents/Developer/Toolchains/XcodeDefault.xctoolchain/usr/lib/clang/15.0.0/lib/darwin/libclang_rt.osx.a]
    arg [/Applications/Xcode_15.0.0.app/Contents/Developer/Toolchains/XcodeDefault.xctoolchain/usr/bin/ld] ==> ignore
    arg [-demangle] ==> ignore
    arg [-lto_library] ==> ignore, skip following value
    arg [/Applications/Xcode_15.0.0.app/Contents/Developer/Toolchains/XcodeDefault.xctoolchain/usr/lib/libLTO.dylib] ==> skip value of -lto_library
    arg [-dynamic] ==> ignore
    arg [-arch] ==> ignore
    arg [arm64] ==> ignore
    arg [-platform_version] ==> ignore
    arg [macos] ==> ignore
    arg [13.6.0] ==> ignore
    arg [14.0] ==> ignore
    arg [-syslibroot] ==> ignore
    arg [/Applications/Xcode_15.0.0.app/Contents/Developer/Platforms/MacOSX.platform/Developer/SDKs/MacOSX14.0.sdk] ==> ignore
    arg [-o] ==> ignore
    arg [cmTC_e3e6e] ==> ignore
    arg [-search_paths_first] ==> ignore
    arg [-headerpad_max_install_names] ==> ignore
    arg [-v] ==> ignore
    arg [CMakeFiles/cmTC_e3e6e.dir/CMakeCCompilerABI.c.o] ==> ignore
    arg [-lSystem] ==> lib [System]
    arg [/Applications/Xcode_15.0.0.app/Contents/Developer/Toolchains/XcodeDefault.xctoolchain/usr/lib/clang/15.0.0/lib/darwin/libclang_rt.osx.a] ==> lib [/Applications/Xcode_15.0.0.app/Contents/Developer/Toolchains/XcodeDefault.xctoolchain/usr/lib/clang/15.0.0/lib/darwin/libclang_rt.osx.a]
  remove lib [System]
  remove lib [/Applications/Xcode_15.0.0.app/Contents/Developer/Toolchains/XcodeDefault.xctoolchain/usr/lib/clang/15.0.0/lib/darwin/libclang_rt.osx.a]
  implicit libs: []
  implicit objs: []
  implicit dirs: []
  implicit fwks: []


Determining if the include file stdint.h exists passed with the following output:
Change Dir: /Users/jare8800/applications/qt/sdk/samples/ArcGISRuntimeSDKQt_SampleViewers/ArcGISRuntimeSDKQt_CppSamples/minizip-ng/build/CMakeFiles/CMakeTmp

Run Build Command(s):/usr/bin/make -f Makefile cmTC_0205e/fast && /Applications/Xcode_15.0.0.app/Contents/Developer/usr/bin/make  -f CMakeFiles/cmTC_0205e.dir/build.make CMakeFiles/cmTC_0205e.dir/build
Building C object CMakeFiles/cmTC_0205e.dir/CheckIncludeFile.c.o
/Applications/Xcode_15.0.0.app/Contents/Developer/Toolchains/XcodeDefault.xctoolchain/usr/bin/cc   -arch arm64 -isysroot /Applications/Xcode_15.0.0.app/Contents/Developer/Platforms/MacOSX.platform/Developer/SDKs/MacOSX14.0.sdk -mmacosx-version-min=13.6 -MD -MT CMakeFiles/cmTC_0205e.dir/CheckIncludeFile.c.o -MF CMakeFiles/cmTC_0205e.dir/CheckIncludeFile.c.o.d -o CMakeFiles/cmTC_0205e.dir/CheckIncludeFile.c.o -c /Users/jare8800/applications/qt/sdk/samples/ArcGISRuntimeSDKQt_SampleViewers/ArcGISRuntimeSDKQt_CppSamples/minizip-ng/build/CMakeFiles/CMakeTmp/CheckIncludeFile.c
Linking C executable cmTC_0205e
/opt/homebrew/Cellar/cmake/3.24.3/bin/cmake -E cmake_link_script CMakeFiles/cmTC_0205e.dir/link.txt --verbose=1
/Applications/Xcode_15.0.0.app/Contents/Developer/Toolchains/XcodeDefault.xctoolchain/usr/bin/cc  -arch arm64 -isysroot /Applications/Xcode_15.0.0.app/Contents/Developer/Platforms/MacOSX.platform/Developer/SDKs/MacOSX14.0.sdk -mmacosx-version-min=13.6 -Wl,-search_paths_first -Wl,-headerpad_max_install_names CMakeFiles/cmTC_0205e.dir/CheckIncludeFile.c.o -o cmTC_0205e 



Determining if the include file inttypes.h exists passed with the following output:
Change Dir: /Users/jare8800/applications/qt/sdk/samples/ArcGISRuntimeSDKQt_SampleViewers/ArcGISRuntimeSDKQt_CppSamples/minizip-ng/build/CMakeFiles/CMakeTmp

Run Build Command(s):/usr/bin/make -f Makefile cmTC_5cf04/fast && /Applications/Xcode_15.0.0.app/Contents/Developer/usr/bin/make  -f CMakeFiles/cmTC_5cf04.dir/build.make CMakeFiles/cmTC_5cf04.dir/build
Building C object CMakeFiles/cmTC_5cf04.dir/CheckIncludeFile.c.o
/Applications/Xcode_15.0.0.app/Contents/Developer/Toolchains/XcodeDefault.xctoolchain/usr/bin/cc   -arch arm64 -isysroot /Applications/Xcode_15.0.0.app/Contents/Developer/Platforms/MacOSX.platform/Developer/SDKs/MacOSX14.0.sdk -mmacosx-version-min=13.6 -MD -MT CMakeFiles/cmTC_5cf04.dir/CheckIncludeFile.c.o -MF CMakeFiles/cmTC_5cf04.dir/CheckIncludeFile.c.o.d -o CMakeFiles/cmTC_5cf04.dir/CheckIncludeFile.c.o -c /Users/jare8800/applications/qt/sdk/samples/ArcGISRuntimeSDKQt_SampleViewers/ArcGISRuntimeSDKQt_CppSamples/minizip-ng/build/CMakeFiles/CMakeTmp/CheckIncludeFile.c
Linking C executable cmTC_5cf04
/opt/homebrew/Cellar/cmake/3.24.3/bin/cmake -E cmake_link_script CMakeFiles/cmTC_5cf04.dir/link.txt --verbose=1
/Applications/Xcode_15.0.0.app/Contents/Developer/Toolchains/XcodeDefault.xctoolchain/usr/bin/cc  -arch arm64 -isysroot /Applications/Xcode_15.0.0.app/Contents/Developer/Platforms/MacOSX.platform/Developer/SDKs/MacOSX14.0.sdk -mmacosx-version-min=13.6 -Wl,-search_paths_first -Wl,-headerpad_max_install_names CMakeFiles/cmTC_5cf04.dir/CheckIncludeFile.c.o -o cmTC_5cf04 



Determining if the include file sys/types.h exists passed with the following output:
Change Dir: /Users/jare8800/applications/qt/sdk/samples/ArcGISRuntimeSDKQt_SampleViewers/ArcGISRuntimeSDKQt_CppSamples/minizip-ng/build/CMakeFiles/CMakeTmp

Run Build Command(s):/usr/bin/make -f Makefile cmTC_74d1d/fast && /Applications/Xcode_15.0.0.app/Contents/Developer/usr/bin/make  -f CMakeFiles/cmTC_74d1d.dir/build.make CMakeFiles/cmTC_74d1d.dir/build
Building C object CMakeFiles/cmTC_74d1d.dir/CheckIncludeFile.c.o
/Applications/Xcode_15.0.0.app/Contents/Developer/Toolchains/XcodeDefault.xctoolchain/usr/bin/cc   -arch arm64 -isysroot /Applications/Xcode_15.0.0.app/Contents/Developer/Platforms/MacOSX.platform/Developer/SDKs/MacOSX14.0.sdk -mmacosx-version-min=13.6 -MD -MT CMakeFiles/cmTC_74d1d.dir/CheckIncludeFile.c.o -MF CMakeFiles/cmTC_74d1d.dir/CheckIncludeFile.c.o.d -o CMakeFiles/cmTC_74d1d.dir/CheckIncludeFile.c.o -c /Users/jare8800/applications/qt/sdk/samples/ArcGISRuntimeSDKQt_SampleViewers/ArcGISRuntimeSDKQt_CppSamples/minizip-ng/build/CMakeFiles/CMakeTmp/CheckIncludeFile.c
Linking C executable cmTC_74d1d
/opt/homebrew/Cellar/cmake/3.24.3/bin/cmake -E cmake_link_script CMakeFiles/cmTC_74d1d.dir/link.txt --verbose=1
/Applications/Xcode_15.0.0.app/Contents/Developer/Toolchains/XcodeDefault.xctoolchain/usr/bin/cc  -arch arm64 -isysroot /Applications/Xcode_15.0.0.app/Contents/Developer/Platforms/MacOSX.platform/Developer/SDKs/MacOSX14.0.sdk -mmacosx-version-min=13.6 -Wl,-search_paths_first -Wl,-headerpad_max_install_names CMakeFiles/cmTC_74d1d.dir/CheckIncludeFile.c.o -o cmTC_74d1d 



Determining if the include file stddef.h exists passed with the following output:
Change Dir: /Users/jare8800/applications/qt/sdk/samples/ArcGISRuntimeSDKQt_SampleViewers/ArcGISRuntimeSDKQt_CppSamples/minizip-ng/build/CMakeFiles/CMakeTmp

Run Build Command(s):/usr/bin/make -f Makefile cmTC_c5d18/fast && /Applications/Xcode_15.0.0.app/Contents/Developer/usr/bin/make  -f CMakeFiles/cmTC_c5d18.dir/build.make CMakeFiles/cmTC_c5d18.dir/build
Building C object CMakeFiles/cmTC_c5d18.dir/CheckIncludeFile.c.o
/Applications/Xcode_15.0.0.app/Contents/Developer/Toolchains/XcodeDefault.xctoolchain/usr/bin/cc   -arch arm64 -isysroot /Applications/Xcode_15.0.0.app/Contents/Developer/Platforms/MacOSX.platform/Developer/SDKs/MacOSX14.0.sdk -mmacosx-version-min=13.6 -MD -MT CMakeFiles/cmTC_c5d18.dir/CheckIncludeFile.c.o -MF CMakeFiles/cmTC_c5d18.dir/CheckIncludeFile.c.o.d -o CMakeFiles/cmTC_c5d18.dir/CheckIncludeFile.c.o -c /Users/jare8800/applications/qt/sdk/samples/ArcGISRuntimeSDKQt_SampleViewers/ArcGISRuntimeSDKQt_CppSamples/minizip-ng/build/CMakeFiles/CMakeTmp/CheckIncludeFile.c
Linking C executable cmTC_c5d18
/opt/homebrew/Cellar/cmake/3.24.3/bin/cmake -E cmake_link_script CMakeFiles/cmTC_c5d18.dir/link.txt --verbose=1
/Applications/Xcode_15.0.0.app/Contents/Developer/Toolchains/XcodeDefault.xctoolchain/usr/bin/cc  -arch arm64 -isysroot /Applications/Xcode_15.0.0.app/Contents/Developer/Platforms/MacOSX.platform/Developer/SDKs/MacOSX14.0.sdk -mmacosx-version-min=13.6 -Wl,-search_paths_first -Wl,-headerpad_max_install_names CMakeFiles/cmTC_c5d18.dir/CheckIncludeFile.c.o -o cmTC_c5d18 



Determining if the function fseeko exists passed with the following output:
Change Dir: /Users/jare8800/applications/qt/sdk/samples/ArcGISRuntimeSDKQt_SampleViewers/ArcGISRuntimeSDKQt_CppSamples/minizip-ng/build/CMakeFiles/CMakeTmp

Run Build Command(s):/usr/bin/make -f Makefile cmTC_1f195/fast && /Applications/Xcode_15.0.0.app/Contents/Developer/usr/bin/make  -f CMakeFiles/cmTC_1f195.dir/build.make CMakeFiles/cmTC_1f195.dir/build
Building C object CMakeFiles/cmTC_1f195.dir/CheckFunctionExists.c.o
/Applications/Xcode_15.0.0.app/Contents/Developer/Toolchains/XcodeDefault.xctoolchain/usr/bin/cc   -DCHECK_FUNCTION_EXISTS=fseeko -arch arm64 -isysroot /Applications/Xcode_15.0.0.app/Contents/Developer/Platforms/MacOSX.platform/Developer/SDKs/MacOSX14.0.sdk -mmacosx-version-min=13.6 -MD -MT CMakeFiles/cmTC_1f195.dir/CheckFunctionExists.c.o -MF CMakeFiles/cmTC_1f195.dir/CheckFunctionExists.c.o.d -o CMakeFiles/cmTC_1f195.dir/CheckFunctionExists.c.o -c /opt/homebrew/Cellar/cmake/3.24.3/share/cmake/Modules/CheckFunctionExists.c
Linking C executable cmTC_1f195
/opt/homebrew/Cellar/cmake/3.24.3/bin/cmake -E cmake_link_script CMakeFiles/cmTC_1f195.dir/link.txt --verbose=1
/Applications/Xcode_15.0.0.app/Contents/Developer/Toolchains/XcodeDefault.xctoolchain/usr/bin/cc  -DCHECK_FUNCTION_EXISTS=fseeko -arch arm64 -isysroot /Applications/Xcode_15.0.0.app/Contents/Developer/Platforms/MacOSX.platform/Developer/SDKs/MacOSX14.0.sdk -mmacosx-version-min=13.6 -Wl,-search_paths_first -Wl,-headerpad_max_install_names CMakeFiles/cmTC_1f195.dir/CheckFunctionExists.c.o -o cmTC_1f195 



